<?xml version="1.0" encoding="UTF-8"?>
<testng-results ignored="0" total="1" passed="1" failed="0" skipped="0">
  <reporter-output>
  </reporter-output>
  <suite started-at="2022-04-27T20:55:49 IST" name="nopcommerce_V5" finished-at="2022-04-27T20:56:07 IST" duration-ms="17549">
    <groups>
    </groups>
    <test started-at="2022-04-27T20:55:49 IST" name="nopcommerce_V5_Test_chrome" finished-at="2022-04-27T20:56:07 IST" duration-ms="17549">
      <class name="com.nopcommerce_V5.testcases.TC1_LoginTest">
        <test-method is-config="true" signature="setup(java.lang.String)[pri:0, instance:com.nopcommerce_V5.testcases.TC1_LoginTest@53fe15ff]" started-at="2022-04-27T20:55:50 IST" name="setup" finished-at="2022-04-27T20:55:53 IST" duration-ms="3817" status="PASS">
          <params>
            <param index="0">
              <value>
                <![CDATA[chrome]]>
              </value>
            </param>
          </params>
          <reporter-output>
          </reporter-output>
        </test-method> <!-- setup -->
        <test-method signature="loginTest1()[pri:0, instance:com.nopcommerce_V5.testcases.TC1_LoginTest@53fe15ff]" started-at="2022-04-27T20:55:53 IST" name="loginTest1" finished-at="2022-04-27T20:56:07 IST" duration-ms="13290" status="PASS">
          <reporter-output>
          </reporter-output>
        </test-method> <!-- loginTest1 -->
        <test-method is-config="true" signature="tearDown()[pri:0, instance:com.nopcommerce_V5.testcases.TC1_LoginTest@53fe15ff]" started-at="2022-04-27T20:56:07 IST" name="tearDown" finished-at="2022-04-27T20:56:07 IST" duration-ms="217" status="PASS">
          <reporter-output>
          </reporter-output>
        </test-method> <!-- tearDown -->
      </class> <!-- com.nopcommerce_V5.testcases.TC1_LoginTest -->
    </test> <!-- nopcommerce_V5_Test_chrome -->
  </suite> <!-- nopcommerce_V5 -->
</testng-results>
